TN:
SF:src\Components\ConfirmModal.jsx
FN:4,ConfirmModal
FN:76,(anonymous_1)
FNF:2
FNH:2
FNDA:5,ConfirmModal
FNDA:1,(anonymous_1)
DA:11,5
DA:13,4
DA:77,1
DA:78,1
LF:4
LH:4
BRDA:11,0,0,1
BRDA:11,0,1,4
BRDA:29,1,0,4
BRDA:29,1,1,3
BRDA:33,2,0,3
BRDA:33,2,1,3
BRDA:36,3,0,3
BRDA:36,3,1,0
BRDA:39,4,0,3
BRDA:39,4,1,0
BRDA:50,5,0,4
BRDA:50,5,1,1
BRDA:54,6,0,1
BRDA:54,6,1,0
BRDA:78,7,0,1
BRDA:78,7,1,0
BRF:16
BRH:12
end_of_record
TN:
SF:src\Components\Loading.jsx
FN:6,Loading
FNF:1
FNH:1
FNDA:3,Loading
DA:7,3
LF:1
LH:1
BRF:0
BRH:0
end_of_record
TN:
SF:src\Components\Navbar.jsx
FN:5,Navbar
FN:11,(anonymous_1)
FN:12,(anonymous_2)
FN:25,(anonymous_3)
FN:38,(anonymous_4)
FN:50,(anonymous_5)
FN:68,(anonymous_6)
FN:82,(anonymous_7)
FN:97,(anonymous_8)
FN:105,(anonymous_9)
FN:105,(anonymous_10)
FN:118,(anonymous_11)
FN:127,(anonymous_12)
FN:136,(anonymous_13)
FNF:14
FNH:7
FNDA:13,Navbar
FNDA:1,(anonymous_1)
FNDA:0,(anonymous_2)
FNDA:5,(anonymous_3)
FNDA:0,(anonymous_4)
FNDA:0,(anonymous_5)
FNDA:0,(anonymous_6)
FNDA:0,(anonymous_7)
FNDA:1,(anonymous_8)
FNDA:2,(anonymous_9)
FNDA:2,(anonymous_10)
FNDA:0,(anonymous_11)
FNDA:1,(anonymous_12)
FNDA:0,(anonymous_13)
DA:11,13
DA:12,13
DA:13,0
DA:14,0
DA:15,0
DA:18,13
DA:20,13
DA:22,13
DA:23,13
DA:24,13
DA:25,13
DA:26,5
DA:27,5
DA:28,5
DA:30,13
DA:39,0
DA:51,0
DA:52,0
DA:69,0
DA:70,0
DA:83,0
DA:84,0
DA:97,1
DA:105,2
DA:118,0
DA:127,1
DA:136,0
LF:27
LH:15
BRDA:46,0,0,13
BRDA:46,0,1,12
BRDA:46,0,2,11
BRDA:46,0,3,8
BRDA:64,1,0,13
BRDA:64,1,1,1
BRDA:73,2,0,0
BRDA:73,2,1,1
BRDA:78,3,0,13
BRDA:78,3,1,1
BRDA:110,4,0,0
BRDA:110,4,1,13
BRDA:110,5,0,13
BRDA:110,5,1,13
BRDA:113,6,0,13
BRDA:113,6,1,2
BRF:16
BRH:14
end_of_record
TN:
SF:src\Components\leagueModal.jsx
FN:4,(anonymous_0)
FN:9,(anonymous_1)
FN:26,(anonymous_2)
FN:29,(anonymous_3)
FNF:4
FNH:4
FNDA:4,(anonymous_0)
FNDA:2,(anonymous_1)
FNDA:6,(anonymous_2)
FNDA:1,(anonymous_3)
DA:4,1
DA:5,4
DA:7,3
DA:9,2
DA:27,6
DA:29,1
LF:6
LH:6
BRDA:5,0,0,1
BRDA:5,0,1,3
BRDA:13,1,0,3
BRDA:13,1,1,3
BRF:4
BRH:4
end_of_record
