TN:
SF:src\Components\ConfirmModal.jsx
FN:4,ConfirmModal
FN:76,(anonymous_1)
FNF:2
FNH:2
FNDA:5,ConfirmModal
FNDA:1,(anonymous_1)
DA:11,5
DA:13,4
DA:77,1
DA:78,1
LF:4
LH:4
BRDA:11,0,0,1
BRDA:11,0,1,4
BRDA:29,1,0,4
BRDA:29,1,1,3
BRDA:33,2,0,3
BRDA:33,2,1,3
BRDA:36,3,0,3
BRDA:36,3,1,0
BRDA:39,4,0,3
BRDA:39,4,1,0
BRDA:50,5,0,4
BRDA:50,5,1,1
BRDA:54,6,0,1
BRDA:54,6,1,0
BRDA:78,7,0,1
BRDA:78,7,1,0
BRF:16
BRH:12
end_of_record
TN:
SF:src\Components\Loading.jsx
FN:6,Loading
FNF:1
FNH:1
FNDA:3,Loading
DA:7,3
LF:1
LH:1
BRF:0
BRH:0
end_of_record
TN:
SF:src\Components\Navbar.jsx
FN:5,Navbar
FN:11,(anonymous_1)
FN:12,(anonymous_2)
FN:25,(anonymous_3)
FN:38,(anonymous_4)
FN:50,(anonymous_5)
FN:68,(anonymous_6)
FN:82,(anonymous_7)
FN:97,(anonymous_8)
FN:105,(anonymous_9)
FN:105,(anonymous_10)
FN:118,(anonymous_11)
FN:127,(anonymous_12)
FN:136,(anonymous_13)
FNF:14
FNH:7
FNDA:13,Navbar
FNDA:1,(anonymous_1)
FNDA:0,(anonymous_2)
FNDA:5,(anonymous_3)
FNDA:0,(anonymous_4)
FNDA:0,(anonymous_5)
FNDA:0,(anonymous_6)
FNDA:0,(anonymous_7)
FNDA:1,(anonymous_8)
FNDA:2,(anonymous_9)
FNDA:2,(anonymous_10)
FNDA:0,(anonymous_11)
FNDA:1,(anonymous_12)
FNDA:0,(anonymous_13)
DA:11,13
DA:12,13
DA:13,0
DA:14,0
DA:15,0
DA:18,13
DA:20,13
DA:22,13
DA:23,13
DA:24,13
DA:25,13
DA:26,5
DA:27,5
DA:28,5
DA:30,13
DA:39,0
DA:51,0
DA:52,0
DA:69,0
DA:70,0
DA:83,0
DA:84,0
DA:97,1
DA:105,2
DA:118,0
DA:127,1
DA:136,0
LF:27
LH:15
BRDA:46,0,0,13
BRDA:46,0,1,12
BRDA:46,0,2,11
BRDA:46,0,3,8
BRDA:64,1,0,13
BRDA:64,1,1,1
BRDA:73,2,0,0
BRDA:73,2,1,1
BRDA:78,3,0,13
BRDA:78,3,1,1
BRDA:110,4,0,0
BRDA:110,4,1,13
BRDA:110,5,0,13
BRDA:110,5,1,13
BRDA:113,6,0,13
BRDA:113,6,1,2
BRF:16
BRH:14
end_of_record
TN:
SF:src\Components\ProfileCard.jsx
FN:4,ProfileCard
FN:15,handlePictureChange
FN:23,uploadImage
FN:38,handleSave
FN:68,(anonymous_4)
FN:69,(anonymous_5)
FN:100,(anonymous_6)
FN:111,(anonymous_7)
FN:120,(anonymous_8)
FN:130,(anonymous_9)
FNF:10
FNH:10
FNDA:13,ProfileCard
FNDA:1,handlePictureChange
FNDA:1,uploadImage
FNDA:1,handleSave
FNDA:3,(anonymous_4)
FNDA:3,(anonymous_5)
FNDA:2,(anonymous_6)
FNDA:1,(anonymous_7)
FNDA:1,(anonymous_8)
FNDA:1,(anonymous_9)
DA:5,13
DA:6,13
DA:7,13
DA:8,13
DA:9,13
DA:10,13
DA:11,13
DA:12,13
DA:16,1
DA:17,1
DA:18,1
DA:19,1
DA:24,1
DA:25,0
DA:26,0
DA:27,0
DA:28,0
DA:33,0
DA:34,0
DA:35,0
DA:39,1
DA:40,1
DA:41,1
DA:42,1
DA:55,1
DA:56,1
DA:57,1
DA:58,1
DA:59,1
DA:61,0
DA:64,0
DA:68,13
DA:69,3
DA:70,3
DA:71,3
DA:72,3
DA:75,3
DA:76,3
DA:77,3
DA:78,3
DA:79,3
DA:80,3
DA:82,3
DA:83,3
DA:84,3
DA:87,3
DA:90,13
DA:92,10
DA:100,2
DA:111,1
DA:120,1
DA:130,1
LF:52
LH:43
BRDA:17,0,0,1
BRDA:17,0,1,0
BRDA:24,1,0,1
BRDA:24,1,1,0
BRDA:33,2,0,0
BRDA:33,2,1,0
BRDA:56,3,0,1
BRDA:56,3,1,0
BRDA:71,4,0,0
BRDA:71,4,1,3
BRDA:78,5,0,3
BRDA:78,5,1,0
BRDA:79,6,0,3
BRDA:79,6,1,0
BRDA:80,7,0,3
BRDA:80,7,1,0
BRDA:83,8,0,3
BRDA:83,8,1,0
BRDA:90,9,0,3
BRDA:90,9,1,10
BRDA:97,10,0,10
BRDA:97,10,1,6
BRDA:101,11,0,6
BRDA:101,11,1,4
BRDA:105,12,0,6
BRDA:105,12,1,4
BRDA:142,13,0,4
BRDA:142,13,1,0
BRDA:143,14,0,4
BRDA:143,14,1,0
BRF:30
BRH:18
end_of_record
TN:
SF:src\Components\ProfileDetails.jsx
FN:4,ProfileDetails
FN:12,(anonymous_1)
FN:13,(anonymous_2)
FN:33,handleSave
FN:63,toggleSelection
FN:65,(anonymous_5)
FN:80,(anonymous_6)
FN:85,(anonymous_7)
FN:98,(anonymous_8)
FN:110,(anonymous_9)
FN:118,(anonymous_10)
FN:146,(anonymous_11)
FNF:12
FNH:11
FNDA:16,ProfileDetails
FNDA:4,(anonymous_1)
FNDA:4,(anonymous_2)
FNDA:1,handleSave
FNDA:2,toggleSelection
FNDA:2,(anonymous_5)
FNDA:28,(anonymous_6)
FNDA:2,(anonymous_7)
FNDA:1,(anonymous_8)
FNDA:1,(anonymous_9)
FNDA:0,(anonymous_10)
FNDA:3,(anonymous_11)
DA:5,16
DA:6,16
DA:7,16
DA:8,16
DA:10,16
DA:12,16
DA:13,4
DA:14,4
DA:15,4
DA:17,4
DA:18,4
DA:21,4
DA:22,4
DA:23,4
DA:24,4
DA:26,0
DA:29,4
DA:34,1
DA:35,1
DA:36,1
DA:51,1
DA:52,1
DA:53,1
DA:55,0
DA:58,0
DA:64,2
DA:65,2
DA:67,1
DA:71,16
DA:81,28
DA:85,2
DA:98,1
DA:110,1
DA:118,0
DA:146,3
LF:35
LH:31
BRDA:15,0,0,0
BRDA:15,0,1,4
BRDA:22,1,0,4
BRDA:22,1,1,0
BRDA:23,2,0,4
BRDA:23,2,1,0
BRDA:24,3,0,4
BRDA:24,3,1,0
BRDA:52,4,0,1
BRDA:52,4,1,0
BRDA:64,5,0,1
BRDA:64,5,1,1
BRDA:75,6,0,7
BRDA:75,6,1,9
BRDA:84,7,0,13
BRDA:84,7,1,15
BRDA:126,8,0,9
BRDA:126,8,1,4
BRDA:133,9,0,9
BRDA:133,9,1,4
BRDA:140,10,0,9
BRDA:140,10,1,4
BRF:22
BRH:17
end_of_record
TN:
SF:src\Components\leagueModal.jsx
FN:4,(anonymous_0)
FN:9,(anonymous_1)
FN:26,(anonymous_2)
FN:29,(anonymous_3)
FNF:4
FNH:4
FNDA:4,(anonymous_0)
FNDA:2,(anonymous_1)
FNDA:6,(anonymous_2)
FNDA:1,(anonymous_3)
DA:4,1
DA:5,4
DA:7,3
DA:9,2
DA:27,6
DA:29,1
LF:6
LH:6
BRDA:5,0,0,1
BRDA:5,0,1,3
BRDA:13,1,0,3
BRDA:13,1,1,3
BRF:4
BRH:4
end_of_record
TN:
SF:src\Pages\UserProfile.jsx
FN:7,UserProfile
FN:24,(anonymous_1)
FNF:2
FNH:2
FNDA:2,UserProfile
FNDA:1,(anonymous_1)
DA:8,2
DA:9,2
DA:24,1
LF:3
LH:3
BRF:0
BRH:0
end_of_record
TN:
SF:src\services\addMatchEventHandler.js
FN:12,(anonymous_0)
FN:25,(anonymous_1)
FN:27,(anonymous_2)
FNF:3
FNH:3
FNDA:3,(anonymous_0)
FNDA:1,(anonymous_1)
FNDA:1,(anonymous_2)
DA:12,1
DA:19,3
DA:20,3
DA:22,2
DA:25,2
DA:26,1
DA:27,1
DA:28,1
DA:32,1
DA:35,3
LF:10
LH:10
BRDA:26,0,0,1
BRDA:26,0,1,0
BRF:2
BRH:1
end_of_record
TN:
SF:src\services\deleteMatchHandler.js
FN:10,(anonymous_0)
FN:20,(anonymous_1)
FN:20,(anonymous_2)
FNF:3
FNH:3
FNDA:3,(anonymous_0)
FNDA:1,(anonymous_1)
FNDA:2,(anonymous_2)
DA:10,1
DA:15,3
DA:17,2
DA:18,2
DA:20,2
DA:21,1
DA:24,1
LF:7
LH:7
BRDA:15,0,0,1
BRDA:15,0,1,2
BRF:2
BRH:2
end_of_record
TN:
SF:src\services\handleSubmitService.js
FN:15,(anonymous_0)
FNF:1
FNH:1
FNDA:3,(anonymous_0)
DA:15,1
DA:16,3
DA:17,3
DA:19,2
DA:21,2
DA:22,2
DA:24,2
DA:27,1
DA:30,3
DA:31,3
LF:10
LH:10
BRDA:19,0,0,1
BRDA:19,0,1,1
BRF:2
BRH:2
end_of_record
TN:
SF:src\services\matchService.js
FN:6,(anonymous_0)
FN:74,(anonymous_1)
FN:84,(anonymous_2)
FN:105,(anonymous_3)
FN:130,(anonymous_4)
FN:137,(anonymous_5)
FN:145,(anonymous_6)
FN:159,(anonymous_7)
FN:173,(anonymous_8)
FN:185,(anonymous_9)
FN:189,(anonymous_10)
FN:192,(anonymous_11)
FN:196,(anonymous_12)
FN:204,(anonymous_13)
FNF:14
FNH:12
FNDA:1,(anonymous_0)
FNDA:2,(anonymous_1)
FNDA:2,(anonymous_2)
FNDA:1,(anonymous_3)
FNDA:1,(anonymous_4)
FNDA:1,(anonymous_5)
FNDA:1,(anonymous_6)
FNDA:1,(anonymous_7)
FNDA:1,(anonymous_8)
FNDA:1,(anonymous_9)
FNDA:1,(anonymous_10)
FNDA:0,(anonymous_11)
FNDA:0,(anonymous_12)
FNDA:1,(anonymous_13)
DA:4,1
DA:6,1
DA:7,1
DA:9,1
DA:15,1
DA:16,1
DA:19,1
DA:21,1
DA:22,1
DA:25,0
DA:26,0
DA:29,0
DA:30,0
DA:33,0
DA:34,0
DA:37,0
DA:38,0
DA:42,0
DA:43,0
DA:46,0
DA:47,0
DA:50,0
DA:51,0
DA:52,0
DA:55,0
DA:58,1
DA:64,1
DA:66,1
DA:74,1
DA:75,2
DA:76,1
DA:79,1
DA:80,0
DA:84,1
DA:85,2
DA:86,1
DA:90,1
DA:92,1
DA:98,1
DA:99,1
DA:100,0
DA:103,1
DA:105,1
DA:106,1
DA:107,1
DA:108,1
DA:109,1
DA:110,0
DA:111,0
DA:113,1
DA:114,1
DA:119,1
DA:121,1
DA:122,1
DA:125,0
DA:126,0
DA:130,1
DA:131,1
DA:132,1
DA:134,1
DA:137,1
DA:145,1
DA:146,1
DA:152,1
DA:153,0
DA:156,1
DA:159,1
DA:160,1
DA:166,1
DA:167,0
DA:170,1
DA:173,1
DA:174,1
DA:178,1
DA:179,0
DA:182,1
DA:185,1
DA:186,1
DA:187,1
DA:188,1
DA:189,1
DA:192,1
DA:193,0
DA:194,0
DA:195,0
DA:196,0
DA:204,1
DA:205,1
DA:206,1
DA:207,1
LF:90
LH:61
BRDA:15,0,0,1
BRDA:15,0,1,0
BRDA:15,1,0,1
BRDA:15,1,1,1
BRDA:15,1,2,1
BRDA:19,2,0,1
BRDA:19,2,1,0
BRDA:19,2,2,0
BRDA:19,2,3,0
BRDA:19,2,4,0
BRDA:19,2,5,0
BRDA:19,2,6,0
BRDA:19,2,7,0
BRDA:19,2,8,0
BRDA:50,3,0,0
BRDA:50,3,1,0
BRDA:51,4,0,0
BRDA:51,4,1,0
BRDA:64,5,0,0
BRDA:64,5,1,1
BRDA:75,6,0,1
BRDA:75,6,1,1
BRDA:75,7,0,2
BRDA:75,7,1,1
BRDA:75,7,2,1
BRDA:75,7,3,1
BRDA:75,7,4,1
BRDA:75,7,5,1
BRDA:79,8,0,0
BRDA:79,8,1,1
BRDA:86,9,0,0
BRDA:86,9,1,1
BRDA:90,10,0,0
BRDA:90,10,1,1
BRDA:99,11,0,0
BRDA:99,11,1,1
BRDA:100,12,0,0
BRDA:100,12,1,0
BRDA:100,12,2,0
BRDA:109,13,0,0
BRDA:109,13,1,1
BRDA:119,14,0,0
BRDA:119,14,1,1
BRDA:132,15,0,0
BRDA:132,15,1,1
BRDA:139,16,0,1
BRDA:139,16,1,1
BRDA:140,17,0,1
BRDA:140,17,1,0
BRDA:141,18,0,1
BRDA:141,18,1,0
BRDA:152,19,0,0
BRDA:152,19,1,1
BRDA:166,20,0,0
BRDA:166,20,1,1
BRDA:178,21,0,0
BRDA:178,21,1,1
BRDA:187,22,0,0
BRDA:187,22,1,1
BRDA:194,23,0,0
BRDA:194,23,1,0
BRDA:198,24,0,0
BRDA:198,24,1,0
BRDA:199,25,0,0
BRDA:199,25,1,0
BRDA:200,26,0,0
BRDA:200,26,1,0
BRDA:206,27,0,0
BRDA:206,27,1,1
BRF:69
BRH:30
end_of_record
TN:
SF:src\services\sportService.js
FN:4,(anonymous_0)
FN:13,(anonymous_1)
FN:44,(anonymous_2)
FN:49,(anonymous_3)
FN:62,(anonymous_4)
FNF:5
FNH:5
FNDA:1,(anonymous_0)
FNDA:1,(anonymous_1)
FNDA:4,(anonymous_2)
FNDA:5,(anonymous_3)
FNDA:3,(anonymous_4)
DA:4,1
DA:5,1
DA:13,1
DA:14,1
DA:22,1
DA:44,1
DA:45,4
DA:49,1
DA:50,5
DA:52,1
DA:58,4
DA:62,1
DA:63,3
DA:64,1
DA:69,2
DA:70,2
DA:71,1
DA:85,1
DA:86,1
LF:19
LH:19
BRDA:45,0,0,4
BRDA:45,0,1,1
BRDA:50,1,0,1
BRDA:50,1,1,4
BRDA:63,2,0,1
BRDA:63,2,1,2
BRDA:69,3,0,2
BRDA:69,3,1,0
BRDA:69,4,0,2
BRDA:69,4,1,1
BRDA:70,5,0,1
BRDA:70,5,1,1
BRDA:70,6,0,2
BRDA:70,6,1,1
BRDA:70,6,2,1
BRF:15
BRH:14
end_of_record
TN:
SF:src\services\updateMatchStatusService.js
FN:11,(anonymous_0)
FN:18,(anonymous_1)
FN:19,(anonymous_2)
FN:31,(anonymous_3)
FN:32,(anonymous_4)
FNF:5
FNH:5
FNDA:2,(anonymous_0)
FNDA:2,(anonymous_1)
FNDA:4,(anonymous_2)
FNDA:1,(anonymous_3)
FNDA:2,(anonymous_4)
DA:11,1
DA:18,2
DA:19,2
DA:20,4
DA:24,2
DA:25,2
DA:28,1
DA:31,1
DA:32,1
DA:33,2
LF:10
LH:10
BRDA:20,0,0,2
BRDA:20,0,1,2
BRDA:33,1,0,1
BRDA:33,1,1,1
BRF:4
BRH:4
end_of_record
TN:
SF:src\services\updateScoreHandler.js
FN:12,(anonymous_0)
FN:20,(anonymous_1)
FN:21,(anonymous_2)
FNF:3
FNH:3
FNDA:2,(anonymous_0)
FNDA:2,(anonymous_1)
FNDA:4,(anonymous_2)
DA:12,1
DA:20,2
DA:21,2
DA:22,4
DA:26,2
DA:27,2
DA:29,1
LF:7
LH:7
BRDA:22,0,0,2
BRDA:22,0,1,2
BRF:2
BRH:2
end_of_record
