<?xml version="1.0" encoding="UTF-8"?>
<testsuites name="jest tests" tests="49" failures="4" errors="0" time="3.268">
  <testsuite name="LiveSport controller" errors="0" failures="0" skipped="0" timestamp="2025-09-02T07:55:54" time="2.379" tests="2">
    <testcase classname="LiveSport controller adds matches successfully" name="LiveSport controller adds matches successfully" time="0.018">
    </testcase>
    <testcase classname="LiveSport controller returns 400 if no matches" name="LiveSport controller returns 400 if no matches" time="0.001">
    </testcase>
  </testsuite>
  <testsuite name="googleAuth controller" errors="0" failures="0" skipped="0" timestamp="2025-09-02T07:55:54" time="2.51" tests="7">
    <testcase classname="googleAuth controller should return 400 if idToken or action is missing" name="googleAuth controller should return 400 if idToken or action is missing" time="0.011">
    </testcase>
    <testcase classname="googleAuth controller should return 400 for invalid action" name="googleAuth controller should return 400 for invalid action" time="0.002">
    </testcase>
    <testcase classname="googleAuth controller signup: should return 409 if user already exists" name="googleAuth controller signup: should return 409 if user already exists" time="0.002">
    </testcase>
    <testcase classname="googleAuth controller signup: should create new user and return 201" name="googleAuth controller signup: should create new user and return 201" time="0.001">
    </testcase>
    <testcase classname="googleAuth controller login: should return 404 if user not found" name="googleAuth controller login: should return 404 if user not found" time="0.001">
    </testcase>
    <testcase classname="googleAuth controller login: should return 200 with user data if user exists" name="googleAuth controller login: should return 200 with user data if user exists" time="0.005">
    </testcase>
    <testcase classname="googleAuth controller should return 401 on token verification error" name="googleAuth controller should return 401 on token verification error" time="0.001">
    </testcase>
  </testsuite>
  <testsuite name="adminController" errors="0" failures="0" skipped="0" timestamp="2025-09-02T07:55:54" time="2.59" tests="7">
    <testcase classname="adminController createMatch: should create a match successfully" name="adminController createMatch: should create a match successfully" time="0.027">
    </testcase>
    <testcase classname="adminController createMatch: should return 500 on Firestore error" name="adminController createMatch: should return 500 on Firestore error" time="0.003">
    </testcase>
    <testcase classname="adminController updateMatchStatus: should update match status if match exists" name="adminController updateMatchStatus: should update match status if match exists" time="0.002">
    </testcase>
    <testcase classname="adminController updateMatchStatus: should return 404 if match does not exist" name="adminController updateMatchStatus: should return 404 if match does not exist" time="0.001">
    </testcase>
    <testcase classname="adminController updateScore: should update score in matches and ongoingMatches" name="adminController updateScore: should update score in matches and ongoingMatches" time="0.003">
    </testcase>
    <testcase classname="adminController updateScore: should add event if eventType is Goal" name="adminController updateScore: should add event if eventType is Goal" time="0.004">
    </testcase>
    <testcase classname="adminController addMatchEvent: should add a match event successfully" name="adminController addMatchEvent: should add a match event successfully" time="0.003">
    </testcase>
  </testsuite>
  <testsuite name="Match Stats Controller" errors="0" failures="4" skipped="0" timestamp="2025-09-02T07:55:54" time="2.598" tests="4">
    <testcase classname="Match Stats Controller getMatchStats should calculate and return match statistics correctly" name="Match Stats Controller getMatchStats should calculate and return match statistics correctly" time="0.033">
      <failure>TypeError: (0 , _displayController.getMatchStats) is not a function
    at Object.&lt;anonymous&gt; (C:\Users\prist\OneDrive\Documents\Desktop\Sprint 2 final 2\PrimeScore\backend\tests\display.test.js:97:26)
    at Promise.finally.completed (C:\Users\prist\OneDrive\Documents\Desktop\Sprint 2 final 2\PrimeScore\backend\node_modules\jest-circus\build\jestAdapterInit.js:1559:28)
    at new Promise (&lt;anonymous&gt;)
    at callAsyncCircusFn (C:\Users\prist\OneDrive\Documents\Desktop\Sprint 2 final 2\PrimeScore\backend\node_modules\jest-circus\build\jestAdapterInit.js:1499:10)
    at _callCircusTest (C:\Users\prist\OneDrive\Documents\Desktop\Sprint 2 final 2\PrimeScore\backend\node_modules\jest-circus\build\jestAdapterInit.js:1009:40)
    at processTicksAndRejections (node:internal/process/task_queues:105:5)
    at _runTest (C:\Users\prist\OneDrive\Documents\Desktop\Sprint 2 final 2\PrimeScore\backend\node_modules\jest-circus\build\jestAdapterInit.js:949:3)
    at _runTestsForDescribeBlock (C:\Users\prist\OneDrive\Documents\Desktop\Sprint 2 final 2\PrimeScore\backend\node_modules\jest-circus\build\jestAdapterInit.js:839:13)
    at _runTestsForDescribeBlock (C:\Users\prist\OneDrive\Documents\Desktop\Sprint 2 final 2\PrimeScore\backend\node_modules\jest-circus\build\jestAdapterInit.js:829:11)
    at _runTestsForDescribeBlock (C:\Users\prist\OneDrive\Documents\Desktop\Sprint 2 final 2\PrimeScore\backend\node_modules\jest-circus\build\jestAdapterInit.js:829:11)
    at run (C:\Users\prist\OneDrive\Documents\Desktop\Sprint 2 final 2\PrimeScore\backend\node_modules\jest-circus\build\jestAdapterInit.js:757:3)
    at runAndTransformResultsToJestFormat (C:\Users\prist\OneDrive\Documents\Desktop\Sprint 2 final 2\PrimeScore\backend\node_modules\jest-circus\build\jestAdapterInit.js:1920:21)
    at jestAdapter (C:\Users\prist\OneDrive\Documents\Desktop\Sprint 2 final 2\PrimeScore\backend\node_modules\jest-circus\build\runner.js:101:19)
    at runTestInternal (C:\Users\prist\OneDrive\Documents\Desktop\Sprint 2 final 2\PrimeScore\backend\node_modules\jest-runner\build\testWorker.js:275:16)
    at runTest (C:\Users\prist\OneDrive\Documents\Desktop\Sprint 2 final 2\PrimeScore\backend\node_modules\jest-runner\build\testWorker.js:343:7)
    at Object.worker (C:\Users\prist\OneDrive\Documents\Desktop\Sprint 2 final 2\PrimeScore\backend\node_modules\jest-runner\build\testWorker.js:497:12)</failure>
    </testcase>
    <testcase classname="Match Stats Controller getMatchStats should handle empty events" name="Match Stats Controller getMatchStats should handle empty events" time="0">
      <failure>TypeError: (0 , _displayController.getMatchStats) is not a function
    at Object.&lt;anonymous&gt; (C:\Users\prist\OneDrive\Documents\Desktop\Sprint 2 final 2\PrimeScore\backend\tests\display.test.js:125:26)
    at Promise.finally.completed (C:\Users\prist\OneDrive\Documents\Desktop\Sprint 2 final 2\PrimeScore\backend\node_modules\jest-circus\build\jestAdapterInit.js:1559:28)
    at new Promise (&lt;anonymous&gt;)
    at callAsyncCircusFn (C:\Users\prist\OneDrive\Documents\Desktop\Sprint 2 final 2\PrimeScore\backend\node_modules\jest-circus\build\jestAdapterInit.js:1499:10)
    at _callCircusTest (C:\Users\prist\OneDrive\Documents\Desktop\Sprint 2 final 2\PrimeScore\backend\node_modules\jest-circus\build\jestAdapterInit.js:1009:40)
    at processTicksAndRejections (node:internal/process/task_queues:105:5)
    at _runTest (C:\Users\prist\OneDrive\Documents\Desktop\Sprint 2 final 2\PrimeScore\backend\node_modules\jest-circus\build\jestAdapterInit.js:949:3)
    at _runTestsForDescribeBlock (C:\Users\prist\OneDrive\Documents\Desktop\Sprint 2 final 2\PrimeScore\backend\node_modules\jest-circus\build\jestAdapterInit.js:839:13)
    at _runTestsForDescribeBlock (C:\Users\prist\OneDrive\Documents\Desktop\Sprint 2 final 2\PrimeScore\backend\node_modules\jest-circus\build\jestAdapterInit.js:829:11)
    at _runTestsForDescribeBlock (C:\Users\prist\OneDrive\Documents\Desktop\Sprint 2 final 2\PrimeScore\backend\node_modules\jest-circus\build\jestAdapterInit.js:829:11)
    at run (C:\Users\prist\OneDrive\Documents\Desktop\Sprint 2 final 2\PrimeScore\backend\node_modules\jest-circus\build\jestAdapterInit.js:757:3)
    at runAndTransformResultsToJestFormat (C:\Users\prist\OneDrive\Documents\Desktop\Sprint 2 final 2\PrimeScore\backend\node_modules\jest-circus\build\jestAdapterInit.js:1920:21)
    at jestAdapter (C:\Users\prist\OneDrive\Documents\Desktop\Sprint 2 final 2\PrimeScore\backend\node_modules\jest-circus\build\runner.js:101:19)
    at runTestInternal (C:\Users\prist\OneDrive\Documents\Desktop\Sprint 2 final 2\PrimeScore\backend\node_modules\jest-runner\build\testWorker.js:275:16)
    at runTest (C:\Users\prist\OneDrive\Documents\Desktop\Sprint 2 final 2\PrimeScore\backend\node_modules\jest-runner\build\testWorker.js:343:7)
    at Object.worker (C:\Users\prist\OneDrive\Documents\Desktop\Sprint 2 final 2\PrimeScore\backend\node_modules\jest-runner\build\testWorker.js:497:12)</failure>
    </testcase>
    <testcase classname="Match Stats Controller getMatchStats should handle errors" name="Match Stats Controller getMatchStats should handle errors" time="0.002">
      <failure>TypeError: (0 , _displayController.getMatchStats) is not a function
    at Object.&lt;anonymous&gt; (C:\Users\prist\OneDrive\Documents\Desktop\Sprint 2 final 2\PrimeScore\backend\tests\display.test.js:148:26)
    at Promise.finally.completed (C:\Users\prist\OneDrive\Documents\Desktop\Sprint 2 final 2\PrimeScore\backend\node_modules\jest-circus\build\jestAdapterInit.js:1559:28)
    at new Promise (&lt;anonymous&gt;)
    at callAsyncCircusFn (C:\Users\prist\OneDrive\Documents\Desktop\Sprint 2 final 2\PrimeScore\backend\node_modules\jest-circus\build\jestAdapterInit.js:1499:10)
    at _callCircusTest (C:\Users\prist\OneDrive\Documents\Desktop\Sprint 2 final 2\PrimeScore\backend\node_modules\jest-circus\build\jestAdapterInit.js:1009:40)
    at processTicksAndRejections (node:internal/process/task_queues:105:5)
    at _runTest (C:\Users\prist\OneDrive\Documents\Desktop\Sprint 2 final 2\PrimeScore\backend\node_modules\jest-circus\build\jestAdapterInit.js:949:3)
    at _runTestsForDescribeBlock (C:\Users\prist\OneDrive\Documents\Desktop\Sprint 2 final 2\PrimeScore\backend\node_modules\jest-circus\build\jestAdapterInit.js:839:13)
    at _runTestsForDescribeBlock (C:\Users\prist\OneDrive\Documents\Desktop\Sprint 2 final 2\PrimeScore\backend\node_modules\jest-circus\build\jestAdapterInit.js:829:11)
    at _runTestsForDescribeBlock (C:\Users\prist\OneDrive\Documents\Desktop\Sprint 2 final 2\PrimeScore\backend\node_modules\jest-circus\build\jestAdapterInit.js:829:11)
    at run (C:\Users\prist\OneDrive\Documents\Desktop\Sprint 2 final 2\PrimeScore\backend\node_modules\jest-circus\build\jestAdapterInit.js:757:3)
    at runAndTransformResultsToJestFormat (C:\Users\prist\OneDrive\Documents\Desktop\Sprint 2 final 2\PrimeScore\backend\node_modules\jest-circus\build\jestAdapterInit.js:1920:21)
    at jestAdapter (C:\Users\prist\OneDrive\Documents\Desktop\Sprint 2 final 2\PrimeScore\backend\node_modules\jest-circus\build\runner.js:101:19)
    at runTestInternal (C:\Users\prist\OneDrive\Documents\Desktop\Sprint 2 final 2\PrimeScore\backend\node_modules\jest-runner\build\testWorker.js:275:16)
    at runTest (C:\Users\prist\OneDrive\Documents\Desktop\Sprint 2 final 2\PrimeScore\backend\node_modules\jest-runner\build\testWorker.js:343:7)
    at Object.worker (C:\Users\prist\OneDrive\Documents\Desktop\Sprint 2 final 2\PrimeScore\backend\node_modules\jest-runner\build\testWorker.js:497:12)</failure>
    </testcase>
    <testcase classname="Match Stats Controller getMatchStats should handle multiple events of the same type" name="Match Stats Controller getMatchStats should handle multiple events of the same type" time="0.003">
      <failure>TypeError: (0 , _displayController.getMatchStats) is not a function
    at Object.&lt;anonymous&gt; (C:\Users\prist\OneDrive\Documents\Desktop\Sprint 2 final 2\PrimeScore\backend\tests\display.test.js:172:26)
    at Promise.finally.completed (C:\Users\prist\OneDrive\Documents\Desktop\Sprint 2 final 2\PrimeScore\backend\node_modules\jest-circus\build\jestAdapterInit.js:1559:28)
    at new Promise (&lt;anonymous&gt;)
    at callAsyncCircusFn (C:\Users\prist\OneDrive\Documents\Desktop\Sprint 2 final 2\PrimeScore\backend\node_modules\jest-circus\build\jestAdapterInit.js:1499:10)
    at _callCircusTest (C:\Users\prist\OneDrive\Documents\Desktop\Sprint 2 final 2\PrimeScore\backend\node_modules\jest-circus\build\jestAdapterInit.js:1009:40)
    at processTicksAndRejections (node:internal/process/task_queues:105:5)
    at _runTest (C:\Users\prist\OneDrive\Documents\Desktop\Sprint 2 final 2\PrimeScore\backend\node_modules\jest-circus\build\jestAdapterInit.js:949:3)
    at _runTestsForDescribeBlock (C:\Users\prist\OneDrive\Documents\Desktop\Sprint 2 final 2\PrimeScore\backend\node_modules\jest-circus\build\jestAdapterInit.js:839:13)
    at _runTestsForDescribeBlock (C:\Users\prist\OneDrive\Documents\Desktop\Sprint 2 final 2\PrimeScore\backend\node_modules\jest-circus\build\jestAdapterInit.js:829:11)
    at _runTestsForDescribeBlock (C:\Users\prist\OneDrive\Documents\Desktop\Sprint 2 final 2\PrimeScore\backend\node_modules\jest-circus\build\jestAdapterInit.js:829:11)
    at run (C:\Users\prist\OneDrive\Documents\Desktop\Sprint 2 final 2\PrimeScore\backend\node_modules\jest-circus\build\jestAdapterInit.js:757:3)
    at runAndTransformResultsToJestFormat (C:\Users\prist\OneDrive\Documents\Desktop\Sprint 2 final 2\PrimeScore\backend\node_modules\jest-circus\build\jestAdapterInit.js:1920:21)
    at jestAdapter (C:\Users\prist\OneDrive\Documents\Desktop\Sprint 2 final 2\PrimeScore\backend\node_modules\jest-circus\build\runner.js:101:19)
    at runTestInternal (C:\Users\prist\OneDrive\Documents\Desktop\Sprint 2 final 2\PrimeScore\backend\node_modules\jest-runner\build\testWorker.js:275:16)
    at runTest (C:\Users\prist\OneDrive\Documents\Desktop\Sprint 2 final 2\PrimeScore\backend\node_modules\jest-runner\build\testWorker.js:343:7)
    at Object.worker (C:\Users\prist\OneDrive\Documents\Desktop\Sprint 2 final 2\PrimeScore\backend\node_modules\jest-runner\build\testWorker.js:497:12)</failure>
    </testcase>
  </testsuite>
  <testsuite name="UserController" errors="0" failures="0" skipped="0" timestamp="2025-09-02T07:55:54" time="2.637" tests="5">
    <testcase classname="UserController getMatches should fetch matches and return 200" name="UserController getMatches should fetch matches and return 200" time="0.039">
    </testcase>
    <testcase classname="UserController getCurrentUser should fetch current user data" name="UserController getCurrentUser should fetch current user data" time="0.013">
    </testcase>
    <testcase classname="UserController getCurrentUser should return 401 if no token" name="UserController getCurrentUser should return 401 if no token" time="0.002">
    </testcase>
    <testcase classname="UserController updateUser should update user profile successfully" name="UserController updateUser should update user profile successfully" time="0.001">
    </testcase>
    <testcase classname="UserController updateUser should return 500 on error" name="UserController updateUser should return 500 on error" time="0.114">
    </testcase>
  </testsuite>
  <testsuite name="Manager Controller" errors="0" failures="0" skipped="0" timestamp="2025-09-02T07:55:54" time="2.701" tests="9">
    <testcase classname="Manager Controller createTeam should create a team successfully" name="Manager Controller createTeam should create a team successfully" time="0.012">
    </testcase>
    <testcase classname="Manager Controller createTeam should handle errors when creating a team" name="Manager Controller createTeam should handle errors when creating a team" time="0.002">
    </testcase>
    <testcase classname="Manager Controller addPlayers should add players successfully" name="Manager Controller addPlayers should add players successfully" time="0.003">
    </testcase>
    <testcase classname="Manager Controller addPlayers should return error if team not found" name="Manager Controller addPlayers should return error if team not found" time="0.001">
    </testcase>
    <testcase classname="Manager Controller addPlayers should return error if user is not team owner" name="Manager Controller addPlayers should return error if user is not team owner" time="0.01">
    </testcase>
    <testcase classname="Manager Controller addPlayers should handle errors when adding players" name="Manager Controller addPlayers should handle errors when adding players" time="0.001">
    </testcase>
    <testcase classname="Manager Controller myTeam should return team if exists" name="Manager Controller myTeam should return team if exists" time="0.002">
    </testcase>
    <testcase classname="Manager Controller myTeam should return hasTeam: false if no team exists" name="Manager Controller myTeam should return hasTeam: false if no team exists" time="0.001">
    </testcase>
    <testcase classname="Manager Controller myTeam should handle errors when fetching team" name="Manager Controller myTeam should handle errors when fetching team" time="0.001">
    </testcase>
  </testsuite>
  <testsuite name="verifyGoogleToken service" errors="0" failures="0" skipped="0" timestamp="2025-09-02T07:55:56" time="0.163" tests="2">
    <testcase classname="verifyGoogleToken service should return decoded token when verification succeeds" name="verifyGoogleToken service should return decoded token when verification succeeds" time="0.001">
    </testcase>
    <testcase classname="verifyGoogleToken service should throw an error when verification fails" name="verifyGoogleToken service should throw an error when verification fails" time="0.009">
    </testcase>
  </testsuite>
  <testsuite name="Match Controller" errors="0" failures="0" skipped="0" timestamp="2025-09-02T07:55:54" time="2.71" tests="13">
    <testcase classname="Match Controller startMatch should start a match successfully" name="Match Controller startMatch should start a match successfully" time="0.023">
    </testcase>
    <testcase classname="Match Controller startMatch should handle errors when starting a match" name="Match Controller startMatch should handle errors when starting a match" time="0.04">
    </testcase>
    <testcase classname="Match Controller recordGoal should record a goal successfully" name="Match Controller recordGoal should record a goal successfully" time="0.002">
    </testcase>
    <testcase classname="Match Controller recordGoal should record an away goal correctly" name="Match Controller recordGoal should record an away goal correctly" time="0.002">
    </testcase>
    <testcase classname="Match Controller recordGoal should return error for missing required fields" name="Match Controller recordGoal should return error for missing required fields" time="0.001">
    </testcase>
    <testcase classname="Match Controller recordGoal should handle errors when recording a goal" name="Match Controller recordGoal should handle errors when recording a goal" time="0.003">
    </testcase>
    <testcase classname="Match Controller recordSubstitution should record a substitution successfully" name="Match Controller recordSubstitution should record a substitution successfully" time="0.002">
    </testcase>
    <testcase classname="Match Controller recordSubstitution should return error for missing required fields" name="Match Controller recordSubstitution should return error for missing required fields" time="0.001">
    </testcase>
    <testcase classname="Match Controller recordSubstitution should handle errors when recording a substitution" name="Match Controller recordSubstitution should handle errors when recording a substitution" time="0.006">
    </testcase>
    <testcase classname="Match Controller recordFoul should record a foul successfully without a card" name="Match Controller recordFoul should record a foul successfully without a card" time="0.001">
    </testcase>
    <testcase classname="Match Controller recordFoul should record a foul successfully with a card" name="Match Controller recordFoul should record a foul successfully with a card" time="0">
    </testcase>
    <testcase classname="Match Controller recordFoul should return error for missing required fields" name="Match Controller recordFoul should return error for missing required fields" time="0.001">
    </testcase>
    <testcase classname="Match Controller recordFoul should handle errors when recording a foul" name="Match Controller recordFoul should handle errors when recording a foul" time="0.001">
    </testcase>
  </testsuite>
</testsuites>