<?xml version="1.0" encoding="UTF-8"?>
<coverage generated="1755424857330" clover="3.2.0">
  <project timestamp="1755424857331" name="All files">
    <metrics statements="31" coveredstatements="29" conditionals="19" coveredconditionals="15" methods="3" coveredmethods="3" elements="53" coveredelements="47" complexity="0" loc="31" ncloc="31" packages="2" files="3" classes="3"/>
    <package name="controllers">
      <metrics statements="27" coveredstatements="25" conditionals="19" coveredconditionals="15" methods="2" coveredmethods="2"/>
      <file name="adminController.js" path="C:\Users\retro\COMS 3\SDP\2\PrimeScore\backend\src\controllers\adminController.js">
        <metrics statements="6" coveredstatements="6" conditionals="0" coveredconditionals="0" methods="1" coveredmethods="1"/>
        <line num="3" count="1" type="stmt"/>
        <line num="5" count="2" type="stmt"/>
        <line num="6" count="2" type="stmt"/>
        <line num="7" count="2" type="stmt"/>
        <line num="16" count="1" type="stmt"/>
        <line num="18" count="1" type="stmt"/>
      </file>
      <file name="authController.js" path="C:\Users\retro\COMS 3\SDP\2\PrimeScore\backend\src\controllers\authController.js">
        <metrics statements="21" coveredstatements="19" conditionals="19" coveredconditionals="15" methods="1" coveredmethods="1"/>
        <line num="6" count="7" type="stmt"/>
        <line num="7" count="7" type="stmt"/>
        <line num="9" count="7" type="cond" truecount="4" falsecount="0"/>
        <line num="10" count="1" type="stmt"/>
        <line num="13" count="6" type="cond" truecount="2" falsecount="0"/>
        <line num="14" count="1" type="stmt"/>
        <line num="18" count="5" type="stmt"/>
        <line num="19" count="4" type="stmt"/>
        <line num="20" count="4" type="stmt"/>
        <line num="22" count="4" type="cond" truecount="2" falsecount="0"/>
        <line num="23" count="2" type="cond" truecount="2" falsecount="0"/>
        <line num="24" count="1" type="stmt"/>
        <line num="27" count="1" type="stmt"/>
        <line num="36" count="0" type="stmt"/>
        <line num="38" count="0" type="stmt"/>
        <line num="41" count="2" type="cond" truecount="1" falsecount="1"/>
        <line num="42" count="2" type="cond" truecount="2" falsecount="0"/>
        <line num="43" count="1" type="stmt"/>
        <line num="46" count="1" type="stmt"/>
        <line num="47" count="1" type="stmt"/>
        <line num="50" count="2" type="stmt"/>
      </file>
    </package>
    <package name="services">
      <metrics statements="4" coveredstatements="4" conditionals="0" coveredconditionals="0" methods="1" coveredmethods="1"/>
      <file name="authService.js" path="C:\Users\retro\COMS 3\SDP\2\PrimeScore\backend\src\services\authService.js">
        <metrics statements="4" coveredstatements="4" conditionals="0" coveredconditionals="0" methods="1" coveredmethods="1"/>
        <line num="6" count="2" type="stmt"/>
        <line num="7" count="2" type="stmt"/>
        <line num="8" count="1" type="stmt"/>
        <line num="10" count="1" type="stmt"/>
      </file>
    </package>
  </project>
</coverage>
