{"C:\\Users\\retro\\COMS 3\\SDP\\2\\PrimeScore\\backend\\src\\controllers\\adminController.js": {"path":"C:\\Users\\retro\\COMS 3\\SDP\\2\\PrimeScore\\backend\\src\\controllers\\adminController.js","statementMap":{"0":{"start":{"line":3,"column":24},"end":{"line":21,"column":1}},"1":{"start":{"line":5,"column":4},"end":{"line":19,"column":5}},"2":{"start":{"line":6,"column":77},"end":{"line":6,"column":85}},"3":{"start":{"line":7,"column":6},"end":{"line":15,"column":9}},"4":{"start":{"line":16,"column":6},"end":{"line":16,"column":57}},"5":{"start":{"line":18,"column":6},"end":{"line":18,"column":53}}},"fnMap":{"0":{"name":"(anonymous_0)","decl":{"start":{"line":4,"column":15},"end":{"line":4,"column":16}},"loc":{"start":{"line":4,"column":35},"end":{"line":20,"column":3}},"line":4}},"branchMap":{},"s":{"0":1,"1":2,"2":2,"3":2,"4":1,"5":1},"f":{"0":2},"b":{},"_coverageSchema":"1a1c01bbd47fc00a2c39e90264f33305004495a9","hash":"6be325c6bc3ffe1277ae222610589fd21591f5e3"}
,"C:\\Users\\retro\\COMS 3\\SDP\\2\\PrimeScore\\backend\\src\\controllers\\authController.js": {"path":"C:\\Users\\retro\\COMS 3\\SDP\\2\\PrimeScore\\backend\\src\\controllers\\authController.js","statementMap":{"0":{"start":{"line":6,"column":2},"end":{"line":51,"column":3}},"1":{"start":{"line":7,"column":32},"end":{"line":7,"column":40}},"2":{"start":{"line":9,"column":4},"end":{"line":11,"column":5}},"3":{"start":{"line":10,"column":6},"end":{"line":10,"column":83}},"4":{"start":{"line":13,"column":4},"end":{"line":15,"column":5}},"5":{"start":{"line":14,"column":6},"end":{"line":14,"column":94}},"6":{"start":{"line":18,"column":24},"end":{"line":18,"column":56}},"7":{"start":{"line":19,"column":20},"end":{"line":19,"column":78}},"8":{"start":{"line":20,"column":16},"end":{"line":20,"column":35}},"9":{"start":{"line":22,"column":4},"end":{"line":39,"column":5}},"10":{"start":{"line":23,"column":6},"end":{"line":25,"column":7}},"11":{"start":{"line":24,"column":8},"end":{"line":24,"column":72}},"12":{"start":{"line":27,"column":22},"end":{"line":35,"column":7}},"13":{"start":{"line":36,"column":6},"end":{"line":36,"column":33}},"14":{"start":{"line":38,"column":6},"end":{"line":38,"column":83}},"15":{"start":{"line":41,"column":4},"end":{"line":48,"column":5}},"16":{"start":{"line":42,"column":6},"end":{"line":44,"column":7}},"17":{"start":{"line":43,"column":8},"end":{"line":43,"column":67}},"18":{"start":{"line":46,"column":23},"end":{"line":46,"column":33}},"19":{"start":{"line":47,"column":6},"end":{"line":47,"column":83}},"20":{"start":{"line":50,"column":4},"end":{"line":50,"column":53}}},"fnMap":{"0":{"name":"googleAuth","decl":{"start":{"line":5,"column":22},"end":{"line":5,"column":32}},"loc":{"start":{"line":5,"column":43},"end":{"line":52,"column":1}},"line":5}},"branchMap":{"0":{"loc":{"start":{"line":9,"column":4},"end":{"line":11,"column":5}},"type":"if","locations":[{"start":{"line":9,"column":4},"end":{"line":11,"column":5}},{"start":{},"end":{}}],"line":9},"1":{"loc":{"start":{"line":9,"column":8},"end":{"line":9,"column":27}},"type":"binary-expr","locations":[{"start":{"line":9,"column":8},"end":{"line":9,"column":16}},{"start":{"line":9,"column":20},"end":{"line":9,"column":27}}],"line":9},"2":{"loc":{"start":{"line":13,"column":4},"end":{"line":15,"column":5}},"type":"if","locations":[{"start":{"line":13,"column":4},"end":{"line":15,"column":5}},{"start":{},"end":{}}],"line":13},"3":{"loc":{"start":{"line":22,"column":4},"end":{"line":39,"column":5}},"type":"if","locations":[{"start":{"line":22,"column":4},"end":{"line":39,"column":5}},{"start":{},"end":{}}],"line":22},"4":{"loc":{"start":{"line":23,"column":6},"end":{"line":25,"column":7}},"type":"if","locations":[{"start":{"line":23,"column":6},"end":{"line":25,"column":7}},{"start":{},"end":{}}],"line":23},"5":{"loc":{"start":{"line":28,"column":18},"end":{"line":28,"column":76}},"type":"binary-expr","locations":[{"start":{"line":28,"column":18},"end":{"line":28,"column":34}},{"start":{"line":28,"column":38},"end":{"line":28,"column":61}},{"start":{"line":28,"column":65},"end":{"line":28,"column":76}}],"line":28},"6":{"loc":{"start":{"line":33,"column":17},"end":{"line":33,"column":60}},"type":"binary-expr","locations":[{"start":{"line":33,"column":17},"end":{"line":33,"column":36}},{"start":{"line":33,"column":40},"end":{"line":33,"column":60}}],"line":33},"7":{"loc":{"start":{"line":41,"column":4},"end":{"line":48,"column":5}},"type":"if","locations":[{"start":{"line":41,"column":4},"end":{"line":48,"column":5}},{"start":{},"end":{}}],"line":41},"8":{"loc":{"start":{"line":42,"column":6},"end":{"line":44,"column":7}},"type":"if","locations":[{"start":{"line":42,"column":6},"end":{"line":44,"column":7}},{"start":{},"end":{}}],"line":42}},"s":{"0":7,"1":7,"2":7,"3":1,"4":6,"5":1,"6":5,"7":4,"8":4,"9":4,"10":2,"11":1,"12":1,"13":0,"14":0,"15":2,"16":2,"17":1,"18":1,"19":1,"20":2},"f":{"0":7},"b":{"0":[1,6],"1":[7,6],"2":[1,5],"3":[2,2],"4":[1,1],"5":[1,0,0],"6":[1,0],"7":[2,0],"8":[1,1]},"_coverageSchema":"1a1c01bbd47fc00a2c39e90264f33305004495a9","hash":"1bb40564fca4d40d70d64f797088cd8cfb7db0b3"}
,"C:\\Users\\retro\\COMS 3\\SDP\\2\\PrimeScore\\backend\\src\\services\\authService.js": {"path":"C:\\Users\\retro\\COMS 3\\SDP\\2\\PrimeScore\\backend\\src\\services\\authService.js","statementMap":{"0":{"start":{"line":6,"column":2},"end":{"line":11,"column":3}},"1":{"start":{"line":7,"column":25},"end":{"line":7,"column":66}},"2":{"start":{"line":8,"column":4},"end":{"line":8,"column":24}},"3":{"start":{"line":10,"column":4},"end":{"line":10,"column":44}}},"fnMap":{"0":{"name":"verifyGoogleToken","decl":{"start":{"line":5,"column":22},"end":{"line":5,"column":39}},"loc":{"start":{"line":5,"column":49},"end":{"line":12,"column":1}},"line":5}},"branchMap":{},"s":{"0":2,"1":2,"2":1,"3":1},"f":{"0":2},"b":{},"_coverageSchema":"1a1c01bbd47fc00a2c39e90264f33305004495a9","hash":"3e8184f66fadd7e290cb4508246e3f506ab83c38"}
}
