TN:
SF:src\config\cloudinary.js
FNF:0
FNH:0
DA:4,1
LF:1
LH:1
BRF:0
BRH:0
end_of_record
TN:
SF:src\controllers\adminController.js
FN:2,(anonymous_0)
FN:23,(anonymous_1)
FN:46,(anonymous_2)
FN:81,(anonymous_3)
FN:101,(anonymous_4)
FN:117,(anonymous_5)
FN:129,(anonymous_6)
FN:152,(anonymous_7)
FNF:8
FNH:6
FNDA:2,(anonymous_0)
FNDA:2,(anonymous_1)
FNDA:2,(anonymous_2)
FNDA:1,(anonymous_3)
FNDA:4,(anonymous_4)
FNDA:3,(anonymous_5)
FNDA:0,(anonymous_6)
FNDA:0,(anonymous_7)
DA:2,1
DA:3,2
DA:4,2
DA:6,2
DA:16,1
DA:18,1
DA:23,1
DA:24,2
DA:25,2
DA:26,2
DA:27,2
DA:28,2
DA:29,2
DA:31,2
DA:32,1
DA:36,1
DA:38,1
DA:40,0
DA:46,1
DA:47,2
DA:48,2
DA:49,2
DA:50,2
DA:52,2
DA:53,2
DA:54,2
DA:55,2
DA:56,2
DA:57,2
DA:59,2
DA:60,2
DA:63,2
DA:64,1
DA:72,1
DA:74,2
DA:76,0
DA:81,1
DA:82,1
DA:83,1
DA:84,1
DA:85,1
DA:86,1
DA:94,1
DA:95,1
DA:97,0
DA:101,1
DA:102,4
DA:103,4
DA:104,4
DA:107,4
DA:108,1
DA:110,3
DA:113,3
DA:114,1
DA:117,3
DA:122,2
DA:124,1
DA:129,1
DA:130,0
DA:131,0
DA:132,0
DA:135,0
DA:140,0
DA:141,0
DA:144,0
DA:145,0
DA:148,0
DA:152,0
DA:157,0
DA:159,0
LF:70
LH:55
BRDA:31,0,0,1
BRDA:31,0,1,1
BRDA:56,1,0,2
BRDA:56,1,1,0
BRDA:59,2,0,2
BRDA:59,2,1,0
BRDA:63,3,0,1
BRDA:63,3,1,1
BRDA:107,4,0,1
BRDA:107,4,1,3
BRDA:113,5,0,1
BRDA:113,5,1,2
BRDA:140,6,0,0
BRDA:140,6,1,0
BRF:14
BRH:10
end_of_record
TN:
SF:src\controllers\authController.js
FN:5,googleAuth
FNF:1
FNH:1
FNDA:7,googleAuth
DA:6,7
DA:7,7
DA:9,7
DA:10,1
DA:13,6
DA:14,1
DA:18,5
DA:19,4
DA:20,4
DA:22,4
DA:23,2
DA:24,1
DA:27,1
DA:35,0
DA:37,0
DA:40,2
DA:41,2
DA:42,1
DA:45,1
DA:46,1
DA:49,2
LF:21
LH:19
BRDA:9,0,0,1
BRDA:9,0,1,6
BRDA:9,1,0,7
BRDA:9,1,1,6
BRDA:13,2,0,1
BRDA:13,2,1,5
BRDA:22,3,0,2
BRDA:22,3,1,2
BRDA:23,4,0,1
BRDA:23,4,1,1
BRDA:28,5,0,1
BRDA:28,5,1,0
BRDA:28,5,2,0
BRDA:32,6,0,1
BRDA:32,6,1,0
BRDA:40,7,0,2
BRDA:40,7,1,0
BRDA:41,8,0,1
BRDA:41,8,1,1
BRF:19
BRH:15
end_of_record
TN:
SF:src\controllers\displayController.js
FN:5,(anonymous_0)
FN:47,(anonymous_1)
FNF:2
FNH:2
FNDA:3,(anonymous_0)
FNDA:3,(anonymous_1)
DA:5,1
DA:6,3
DA:8,3
DA:9,2
DA:12,2
DA:13,2
DA:14,2
DA:17,2
DA:19,1
DA:20,1
DA:21,1
DA:22,1
DA:24,1
DA:25,1
DA:27,1
DA:28,1
DA:31,0
DA:33,1
DA:38,2
DA:41,1
DA:42,1
DA:47,1
DA:48,3
DA:50,3
DA:53,3
DA:54,2
DA:56,1
DA:60,1
DA:63,1
DA:64,1
LF:30
LH:29
BRDA:17,0,0,1
BRDA:17,0,1,1
BRDA:17,1,0,2
BRDA:17,1,1,2
BRDA:20,2,0,1
BRDA:20,2,1,0
BRDA:24,3,0,1
BRDA:24,3,1,0
BRDA:27,4,0,1
BRDA:27,4,1,0
BRDA:54,5,0,1
BRDA:54,5,1,1
BRF:12
BRH:9
end_of_record
TN:
SF:src\controllers\feedController.js
FN:4,(anonymous_0)
FN:27,(anonymous_1)
FN:68,(anonymous_2)
FNF:3
FNH:3
FNDA:2,(anonymous_0)
FNDA:4,(anonymous_1)
FNDA:20,(anonymous_2)
DA:2,1
DA:4,1
DA:5,2
DA:7,2
DA:8,2
DA:18,1
DA:21,1
DA:22,1
DA:27,1
DA:28,4
DA:39,4
DA:41,4
DA:42,1
DA:45,3
DA:46,3
DA:47,3
DA:49,3
DA:50,1
DA:53,2
DA:67,2
DA:68,20
DA:72,2
DA:77,2
DA:78,1
DA:79,1
DA:82,2
DA:84,1
DA:86,1
DA:87,1
LF:29
LH:29
BRDA:41,0,0,1
BRDA:41,0,1,3
BRDA:41,1,0,4
BRDA:41,1,1,3
BRDA:41,1,2,3
BRDA:49,2,0,1
BRDA:49,2,1,2
BRDA:68,3,0,20
BRDA:68,3,1,10
BRDA:77,4,0,1
BRDA:77,4,1,1
BRDA:77,5,0,2
BRDA:77,5,1,1
BRDA:78,6,0,1
BRDA:78,6,1,0
BRF:15
BRH:14
end_of_record
TN:
SF:src\controllers\managerController.js
FN:4,(anonymous_0)
FN:28,(anonymous_1)
FN:53,(anonymous_2)
FN:79,(anonymous_3)
FN:94,(anonymous_4)
FN:115,(anonymous_5)
FN:123,(anonymous_6)
FNF:7
FNH:4
FNDA:2,(anonymous_0)
FNDA:4,(anonymous_1)
FNDA:2,(anonymous_2)
FNDA:3,(anonymous_3)
FNDA:0,(anonymous_4)
FNDA:0,(anonymous_5)
FNDA:0,(anonymous_6)
DA:3,1
DA:5,2
DA:6,2
DA:7,2
DA:8,2
DA:9,2
DA:11,2
DA:21,1
DA:23,1
DA:24,1
DA:29,4
DA:30,4
DA:31,4
DA:33,4
DA:34,0
DA:38,4
DA:39,4
DA:41,4
DA:42,1
DA:45,3
DA:46,1
DA:50,2
DA:51,2
DA:53,2
DA:54,2
DA:55,2
DA:57,2
DA:68,2
DA:71,2
DA:73,1
DA:75,1
DA:76,1
DA:80,3
DA:81,3
DA:82,3
DA:83,3
DA:84,2
DA:85,1
DA:88,1
DA:89,1
DA:91,1
DA:95,0
DA:96,0
DA:97,0
DA:99,0
DA:100,0
DA:102,0
DA:103,0
DA:106,0
DA:107,0
DA:110,0
DA:115,0
DA:117,0
DA:119,0
DA:120,0
DA:124,0
DA:125,0
DA:126,0
DA:128,0
DA:129,0
DA:131,0
DA:132,0
DA:135,0
DA:137,0
DA:138,0
DA:140,0
DA:141,0
DA:144,0
DA:145,0
DA:148,0
DA:150,0
DA:152,0
DA:153,0
LF:73
LH:40
BRDA:33,0,0,0
BRDA:33,0,1,4
BRDA:33,1,0,4
BRDA:33,1,1,4
BRDA:33,1,2,4
BRDA:41,2,0,1
BRDA:41,2,1,3
BRDA:45,3,0,1
BRDA:45,3,1,2
BRDA:84,4,0,1
BRDA:84,4,1,1
BRDA:102,5,0,0
BRDA:102,5,1,0
BRDA:106,6,0,0
BRDA:106,6,1,0
BRDA:131,7,0,0
BRDA:131,7,1,0
BRDA:140,8,0,0
BRDA:140,8,1,0
BRDA:144,9,0,0
BRDA:144,9,1,0
BRF:21
BRH:10
end_of_record
TN:
SF:src\controllers\matchController.js
FN:21,(anonymous_0)
FN:32,(anonymous_1)
FNF:2
FNH:2
FNDA:2,(anonymous_0)
FNDA:1,(anonymous_1)
DA:21,1
DA:22,2
DA:23,2
DA:25,2
DA:26,1
DA:29,1
DA:30,1
DA:32,1
DA:33,1
DA:34,1
DA:43,1
DA:44,1
DA:46,0
DA:47,0
LF:14
LH:12
BRDA:25,0,0,1
BRDA:25,0,1,1
BRDA:25,1,0,2
BRDA:25,1,1,2
BRF:4
BRH:4
end_of_record
TN:
SF:src\controllers\userController.js
FN:7,(anonymous_0)
FN:10,(anonymous_1)
FN:25,(anonymous_2)
FN:51,(anonymous_3)
FN:86,(anonymous_4)
FN:95,(anonymous_5)
FN:98,(anonymous_6)
FNF:7
FNH:4
FNDA:1,(anonymous_0)
FNDA:2,(anonymous_1)
FNDA:2,(anonymous_2)
FNDA:3,(anonymous_3)
FNDA:0,(anonymous_4)
FNDA:0,(anonymous_5)
FNDA:0,(anonymous_6)
DA:4,1
DA:7,1
DA:8,1
DA:9,1
DA:10,2
DA:14,1
DA:16,0
DA:17,0
DA:25,1
DA:26,2
DA:28,2
DA:29,2
DA:32,1
DA:33,1
DA:36,1
DA:37,1
DA:39,1
DA:42,0
DA:43,0
DA:51,1
DA:52,3
DA:61,3
DA:63,3
DA:64,3
DA:66,3
DA:67,3
DA:68,3
DA:69,3
DA:70,3
DA:71,3
DA:72,3
DA:73,3
DA:75,3
DA:77,2
DA:78,2
DA:80,1
DA:81,1
DA:86,1
DA:87,0
DA:88,0
DA:89,0
DA:90,0
DA:93,0
DA:95,0
DA:96,0
DA:99,0
DA:100,0
DA:101,0
DA:103,0
DA:104,0
DA:108,0
DA:111,0
DA:113,0
DA:114,0
LF:54
LH:34
BRDA:29,0,0,1
BRDA:29,0,1,1
BRDA:37,1,0,0
BRDA:37,1,1,1
BRDA:58,2,0,2
BRDA:59,3,0,2
BRDA:60,4,0,2
BRDA:67,5,0,2
BRDA:67,5,1,1
BRDA:68,6,0,1
BRDA:68,6,1,2
BRDA:69,7,0,1
BRDA:69,7,1,2
BRDA:70,8,0,0
BRDA:70,8,1,3
BRDA:71,9,0,3
BRDA:71,9,1,0
BRDA:72,10,0,3
BRDA:72,10,1,0
BRDA:73,11,0,3
BRDA:73,11,1,0
BRDA:81,12,0,1
BRDA:81,12,1,0
BRDA:88,13,0,0
BRDA:88,13,1,0
BRDA:99,14,0,0
BRDA:99,14,1,0
BRF:27
BRH:17
end_of_record
TN:
SF:src\middleware\adminMiddleware.js
FN:5,(anonymous_0)
FNF:1
FNH:0
FNDA:0,(anonymous_0)
DA:3,0
DA:5,0
DA:6,0
DA:7,0
DA:8,0
DA:9,0
DA:12,0
DA:13,0
DA:14,0
DA:16,0
DA:17,0
DA:18,0
DA:21,0
DA:22,0
DA:23,0
DA:24,0
DA:27,0
DA:30,0
LF:18
LH:0
BRDA:8,0,0,0
BRDA:8,0,1,0
BRDA:8,1,0,0
BRDA:8,1,1,0
BRDA:17,2,0,0
BRDA:17,2,1,0
BRDA:22,3,0,0
BRDA:22,3,1,0
BRF:8
BRH:0
end_of_record
TN:
SF:src\middleware\authMiddleware.js
FN:3,(anonymous_0)
FNF:1
FNH:0
FNDA:0,(anonymous_0)
DA:3,0
DA:4,0
DA:5,0
DA:6,0
DA:7,0
DA:10,0
DA:11,0
DA:13,0
DA:20,0
DA:22,0
DA:23,0
LF:11
LH:0
BRDA:6,0,0,0
BRDA:6,0,1,0
BRDA:6,1,0,0
BRDA:6,1,1,0
BRF:4
BRH:0
end_of_record
TN:
SF:src\middleware\cors.js
FN:9,(anonymous_0)
FNF:1
FNH:0
FNDA:0,(anonymous_0)
DA:3,0
DA:8,0
DA:10,0
DA:11,0
DA:12,0
DA:14,0
LF:6
LH:0
BRDA:10,0,0,0
BRDA:10,0,1,0
BRDA:11,1,0,0
BRDA:11,1,1,0
BRF:4
BRH:0
end_of_record
TN:
SF:src\services\authService.js
FN:5,verifyGoogleToken
FNF:1
FNH:1
FNDA:2,verifyGoogleToken
DA:6,2
DA:7,2
DA:8,1
DA:10,1
LF:4
LH:4
BRF:0
BRH:0
end_of_record
