TN:
SF:src\controllers\adminController.js
FN:2,(anonymous_0)
FN:23,(anonymous_1)
FN:46,(anonymous_2)
FN:81,(anonymous_3)
FN:101,(anonymous_4)
FN:117,(anonymous_5)
FNF:6
FNH:4
FNDA:2,(anonymous_0)
FNDA:2,(anonymous_1)
FNDA:2,(anonymous_2)
FNDA:1,(anonymous_3)
FNDA:0,(anonymous_4)
FNDA:0,(anonymous_5)
DA:2,1
DA:3,2
DA:4,2
DA:6,2
DA:16,1
DA:18,1
DA:23,1
DA:24,2
DA:25,2
DA:26,2
DA:27,2
DA:28,2
DA:29,2
DA:31,2
DA:32,1
DA:36,1
DA:38,1
DA:40,0
DA:46,1
DA:47,2
DA:48,2
DA:49,2
DA:50,2
DA:52,2
DA:53,2
DA:54,2
DA:55,2
DA:56,2
DA:57,2
DA:59,2
DA:60,2
DA:63,2
DA:64,1
DA:72,1
DA:74,2
DA:76,0
DA:81,1
DA:82,1
DA:83,1
DA:84,1
DA:85,1
DA:86,1
DA:94,1
DA:95,1
DA:97,0
DA:101,1
DA:102,0
DA:103,0
DA:104,0
DA:107,0
DA:108,0
DA:110,0
DA:113,0
DA:114,0
DA:117,0
DA:122,0
DA:124,0
LF:57
LH:43
BRDA:31,0,0,1
BRDA:31,0,1,1
BRDA:56,1,0,2
BRDA:56,1,1,0
BRDA:59,2,0,2
BRDA:59,2,1,0
BRDA:63,3,0,1
BRDA:63,3,1,1
BRDA:107,4,0,0
BRDA:107,4,1,0
BRDA:113,5,0,0
BRDA:113,5,1,0
BRF:12
BRH:6
end_of_record
TN:
SF:src\controllers\authController.js
FN:5,googleAuth
FNF:1
FNH:1
FNDA:7,googleAuth
DA:6,7
DA:7,7
DA:9,7
DA:10,1
DA:13,6
DA:14,1
DA:18,5
DA:19,4
DA:20,4
DA:22,4
DA:23,2
DA:24,1
DA:27,1
DA:36,0
DA:38,0
DA:41,2
DA:42,2
DA:43,1
DA:46,1
DA:47,1
DA:50,2
LF:21
LH:19
BRDA:9,0,0,1
BRDA:9,0,1,6
BRDA:9,1,0,7
BRDA:9,1,1,6
BRDA:13,2,0,1
BRDA:13,2,1,5
BRDA:22,3,0,2
BRDA:22,3,1,2
BRDA:23,4,0,1
BRDA:23,4,1,1
BRDA:28,5,0,1
BRDA:28,5,1,0
BRDA:28,5,2,0
BRDA:33,6,0,1
BRDA:33,6,1,0
BRDA:41,7,0,2
BRDA:41,7,1,0
BRDA:42,8,0,1
BRDA:42,8,1,1
BRF:19
BRH:15
end_of_record
TN:
SF:src\controllers\displayController.js
FN:5,(anonymous_0)
FN:47,(anonymous_1)
FNF:2
FNH:2
FNDA:3,(anonymous_0)
FNDA:3,(anonymous_1)
DA:5,1
DA:6,3
DA:8,3
DA:9,2
DA:12,2
DA:13,2
DA:14,2
DA:17,2
DA:19,1
DA:20,1
DA:21,1
DA:22,1
DA:24,1
DA:25,1
DA:27,1
DA:28,1
DA:31,0
DA:33,1
DA:38,2
DA:41,1
DA:42,1
DA:47,1
DA:48,3
DA:50,3
DA:53,3
DA:54,2
DA:56,1
DA:60,1
DA:63,1
DA:64,1
LF:30
LH:29
BRDA:17,0,0,1
BRDA:17,0,1,1
BRDA:17,1,0,2
BRDA:17,1,1,2
BRDA:20,2,0,1
BRDA:20,2,1,0
BRDA:24,3,0,1
BRDA:24,3,1,0
BRDA:27,4,0,1
BRDA:27,4,1,0
BRDA:54,5,0,1
BRDA:54,5,1,1
BRF:12
BRH:9
end_of_record
TN:
SF:src\controllers\feedController.js
FN:5,(anonymous_0)
FN:23,(anonymous_1)
FN:54,(anonymous_2)
FN:84,(anonymous_3)
FNF:4
FNH:4
FNDA:2,(anonymous_0)
FNDA:4,(anonymous_1)
FNDA:3,(anonymous_2)
FNDA:4,(anonymous_3)
DA:3,1
DA:5,1
DA:6,2
DA:7,2
DA:9,2
DA:10,2
DA:15,1
DA:18,1
DA:19,1
DA:23,1
DA:24,4
DA:25,4
DA:27,4
DA:28,1
DA:30,3
DA:31,3
DA:33,3
DA:45,2
DA:49,1
DA:50,1
DA:54,1
DA:55,3
DA:56,3
DA:58,3
DA:59,1
DA:64,2
DA:65,2
DA:67,2
DA:77,1
DA:79,1
DA:80,1
DA:84,1
DA:85,4
DA:86,4
DA:88,4
DA:89,1
DA:94,3
DA:95,3
DA:97,3
DA:107,2
DA:109,1
DA:110,1
LF:42
LH:42
BRDA:27,0,0,1
BRDA:27,0,1,3
BRDA:27,1,0,4
BRDA:27,1,1,3
BRDA:27,1,2,3
BRDA:40,2,0,2
BRDA:40,2,1,1
BRDA:58,3,0,1
BRDA:58,3,1,2
BRDA:58,4,0,3
BRDA:58,4,1,3
BRDA:58,4,2,2
BRDA:58,4,3,2
BRDA:88,5,0,1
BRDA:88,5,1,3
BRDA:88,6,0,4
BRDA:88,6,1,3
BRDA:88,6,2,3
BRDA:102,7,0,3
BRDA:102,7,1,2
BRF:20
BRH:20
end_of_record
TN:
SF:src\controllers\managerController.js
FN:4,(anonymous_0)
FN:28,(anonymous_1)
FN:53,(anonymous_2)
FN:79,(anonymous_3)
FN:94,(anonymous_4)
FN:115,(anonymous_5)
FN:123,(anonymous_6)
FNF:7
FNH:4
FNDA:2,(anonymous_0)
FNDA:4,(anonymous_1)
FNDA:2,(anonymous_2)
FNDA:3,(anonymous_3)
FNDA:0,(anonymous_4)
FNDA:0,(anonymous_5)
FNDA:0,(anonymous_6)
DA:3,1
DA:5,2
DA:6,2
DA:7,2
DA:8,2
DA:9,2
DA:11,2
DA:21,1
DA:23,1
DA:24,1
DA:29,4
DA:30,4
DA:31,4
DA:33,4
DA:34,0
DA:38,4
DA:39,4
DA:41,4
DA:42,1
DA:45,3
DA:46,1
DA:50,2
DA:51,2
DA:53,2
DA:54,2
DA:55,2
DA:57,2
DA:68,2
DA:71,2
DA:73,1
DA:75,1
DA:76,1
DA:80,3
DA:81,3
DA:82,3
DA:83,3
DA:84,2
DA:85,1
DA:88,1
DA:89,1
DA:91,1
DA:95,0
DA:96,0
DA:97,0
DA:99,0
DA:100,0
DA:102,0
DA:103,0
DA:106,0
DA:107,0
DA:110,0
DA:115,0
DA:117,0
DA:119,0
DA:120,0
DA:124,0
DA:125,0
DA:126,0
DA:128,0
DA:129,0
DA:131,0
DA:132,0
DA:135,0
DA:137,0
DA:138,0
DA:140,0
DA:141,0
DA:144,0
DA:145,0
DA:148,0
DA:150,0
DA:152,0
DA:153,0
LF:73
LH:40
BRDA:33,0,0,0
BRDA:33,0,1,4
BRDA:33,1,0,4
BRDA:33,1,1,4
BRDA:33,1,2,4
BRDA:41,2,0,1
BRDA:41,2,1,3
BRDA:45,3,0,1
BRDA:45,3,1,2
BRDA:84,4,0,1
BRDA:84,4,1,1
BRDA:102,5,0,0
BRDA:102,5,1,0
BRDA:106,6,0,0
BRDA:106,6,1,0
BRDA:131,7,0,0
BRDA:131,7,1,0
BRDA:140,8,0,0
BRDA:140,8,1,0
BRDA:144,9,0,0
BRDA:144,9,1,0
BRF:21
BRH:10
end_of_record
TN:
SF:src\controllers\matchController.js
FN:21,(anonymous_0)
FN:32,(anonymous_1)
FNF:2
FNH:2
FNDA:2,(anonymous_0)
FNDA:1,(anonymous_1)
DA:21,1
DA:22,2
DA:23,2
DA:25,2
DA:26,1
DA:29,1
DA:30,1
DA:32,1
DA:33,1
DA:34,1
DA:43,1
DA:44,1
DA:46,0
DA:47,0
LF:14
LH:12
BRDA:25,0,0,1
BRDA:25,0,1,1
BRDA:25,1,0,2
BRDA:25,1,1,2
BRF:4
BRH:4
end_of_record
TN:
SF:src\controllers\userController.js
FN:6,(anonymous_0)
FN:9,(anonymous_1)
FN:24,(anonymous_2)
FN:50,(anonymous_3)
FNF:4
FNH:4
FNDA:1,(anonymous_0)
FNDA:2,(anonymous_1)
FNDA:2,(anonymous_2)
FNDA:2,(anonymous_3)
DA:3,1
DA:6,1
DA:7,1
DA:8,1
DA:9,2
DA:13,1
DA:15,0
DA:16,0
DA:24,1
DA:25,2
DA:27,2
DA:28,2
DA:31,1
DA:32,1
DA:35,1
DA:36,1
DA:38,1
DA:41,0
DA:42,0
DA:50,1
DA:51,2
DA:52,2
DA:54,2
DA:56,2
DA:59,2
DA:66,1
DA:67,1
DA:69,1
DA:70,1
LF:29
LH:25
BRDA:28,0,0,1
BRDA:28,0,1,1
BRDA:36,1,0,0
BRDA:36,1,1,1
BRF:4
BRH:3
end_of_record
TN:
SF:src\middleware\authMiddleware.js
FN:3,(anonymous_0)
FNF:1
FNH:0
FNDA:0,(anonymous_0)
DA:3,0
DA:4,0
DA:5,0
DA:6,0
DA:7,0
DA:10,0
DA:11,0
DA:13,0
DA:20,0
DA:22,0
DA:23,0
LF:11
LH:0
BRDA:6,0,0,0
BRDA:6,0,1,0
BRDA:6,1,0,0
BRDA:6,1,1,0
BRF:4
BRH:0
end_of_record
TN:
SF:src\middleware\cors.js
FN:9,(anonymous_0)
FNF:1
FNH:0
FNDA:0,(anonymous_0)
DA:3,0
DA:8,0
DA:10,0
DA:11,0
DA:12,0
DA:14,0
LF:6
LH:0
BRDA:10,0,0,0
BRDA:10,0,1,0
BRDA:11,1,0,0
BRDA:11,1,1,0
BRF:4
BRH:0
end_of_record
TN:
SF:src\services\authService.js
FN:5,verifyGoogleToken
FNF:1
FNH:1
FNDA:2,verifyGoogleToken
DA:6,2
DA:7,2
DA:8,1
DA:10,1
LF:4
LH:4
BRF:0
BRH:0
end_of_record
